<?xml version="1.0" encoding="UTF-8"?>
<testng-results ignored="0" total="1" passed="1" failed="0" skipped="0">
  <reporter-output>
  </reporter-output>
  <suite started-at="2024-11-27T10:43:16 IST" name="Default suite" finished-at="2024-11-27T10:43:41 IST" duration-ms="25002">
    <groups>
    </groups>
    <test started-at="2024-11-27T10:43:16 IST" name="Default test" finished-at="2024-11-27T10:43:41 IST" duration-ms="25002">
      <class name="runnerScript.TestCase">
        <test-method is-config="true" signature="launch_Browser()[pri:0, instance:runnerScript.TestCase@6e6f2380]" started-at="2024-11-27T10:43:16 IST" name="launch_Browser" finished-at="2024-11-27T10:43:18 IST" duration-ms="1636" status="PASS">
          <reporter-output>
          </reporter-output>
        </test-method> <!-- launch_Browser -->
        <test-method is-config="true" signature="launch_application()[pri:0, instance:runnerScript.TestCase@6e6f2380]" started-at="2024-11-27T10:43:18 IST" name="launch_application" finished-at="2024-11-27T10:43:20 IST" duration-ms="2053" status="PASS">
          <reporter-output>
          </reporter-output>
        </test-method> <!-- launch_application -->
        <test-method signature="Execution()[pri:0, instance:runnerScript.TestCase@6e6f2380]" started-at="2024-11-27T10:43:20 IST" name="Execution" finished-at="2024-11-27T10:43:41 IST" duration-ms="20849" status="PASS">
          <reporter-output>
          </reporter-output>
        </test-method> <!-- Execution -->
        <test-method is-config="true" signature="close_application()[pri:0, instance:runnerScript.TestCase@6e6f2380]" started-at="2024-11-27T10:43:41 IST" name="close_application" finished-at="2024-11-27T10:43:41 IST" duration-ms="421" status="PASS">
          <reporter-output>
          </reporter-output>
        </test-method> <!-- close_application -->
      </class> <!-- runnerScript.TestCase -->
    </test> <!-- Default test -->
  </suite> <!-- Default suite -->
</testng-results>
